Welcome to MAGMA v1.10 (custom)
Using flags:
	--gene-results /Users/simranjitvirk/Downloads/MAGMA_Files/MAGMA_Files.35UP.10DOWN/MAGMA_Files.35UP.10DOWN.genes.raw
	--set-annot /var/folders/sc/grc86fmd58v4_y70khvnnjpm0000gn/T//Rtmpzmq3yW/file11b202c5c27eb
	--out /Users/simranjitvirk/Downloads/MAGMA_Files/MAGMA_Files.35UP.10DOWN/MAGMA_Files.35UP.10DOWN.level1.MainRun.Top10pct

Start time is 00:46:06, Friday 03 Nov 2023

Reading file /Users/simranjitvirk/Downloads/MAGMA_Files/MAGMA_Files.35UP.10DOWN/MAGMA_Files.35UP.10DOWN.genes.raw... 
	18199 genes read from file
Loading gene-set annotation...
Reading file /var/folders/sc/grc86fmd58v4_y70khvnnjpm0000gn/T//Rtmpzmq3yW/file11b202c5c27eb... 
	21 gene-set definitions read from file
	found 21 gene sets containing genes defined in genotype data (containing a total of 1084 unique genes)
Preparing variables for analysis...
	truncating Z-scores 3 points below zero or 6 standard deviations above the mean
	truncating covariate values more than 5 standard deviations from the mean
	total variables available for analysis: 21 gene sets

Parsing model specifications...
Inverting gene-gene correlation matrix...
Performing regression analysis...
	testing direction: one-sided, positive (sets), two-sided (covar)
	conditioning on internal variables:
		gene size, log(gene size)
		gene density, log(gene density)
		inverse mac, log(inverse mac)
	analysing individual variables

	analysing single-variable models (number of models: 21)
	writing results to file /Users/simranjitvirk/Downloads/MAGMA_Files/MAGMA_Files.35UP.10DOWN/MAGMA_Files.35UP.10DOWN.level1.MainRun.Top10pct.gsa.out

End time is 00:46:14, Friday 03 Nov 2023 (elapsed: 00:00:08)
